<?xml version="1.0" encoding="UTF-8"?>
<testng-results ignored="0" total="1" passed="1" failed="0" skipped="0">
  <reporter-output>
  </reporter-output>
  <suite started-at="2024-02-16T18:01:39 IST" name="Default suite" finished-at="2024-02-16T18:02:12 IST" duration-ms="32928">
    <groups>
    </groups>
    <test started-at="2024-02-16T18:01:39 IST" name="Default test" finished-at="2024-02-16T18:02:12 IST" duration-ms="32928">
      <class name="NewProject.searchFunctionality">
        <test-method is-config="true" signature="myBeforeTest()[pri:0, instance:NewProject.searchFunctionality@6b8ca3c8]" started-at="2024-02-16T18:01:30 IST" name="myBeforeTest" finished-at="2024-02-16T18:01:39 IST" duration-ms="8977" status="PASS">
          <reporter-output>
          </reporter-output>
        </test-method> <!-- myBeforeTest -->
        <test-method signature="searchItems()[pri:0, instance:NewProject.searchFunctionality@6b8ca3c8]" started-at="2024-02-16T18:01:39 IST" name="searchItems" description="searchFunctionality" finished-at="2024-02-16T18:02:12 IST" duration-ms="32872" status="PASS">
          <reporter-output>
          </reporter-output>
        </test-method> <!-- searchItems -->
        <test-method is-config="true" signature="myAfterTest()[pri:0, instance:NewProject.searchFunctionality@6b8ca3c8]" started-at="2024-02-16T18:02:12 IST" name="myAfterTest" finished-at="2024-02-16T18:02:12 IST" duration-ms="125" status="PASS">
          <reporter-output>
          </reporter-output>
        </test-method> <!-- myAfterTest -->
      </class> <!-- NewProject.searchFunctionality -->
    </test> <!-- Default test -->
  </suite> <!-- Default suite -->
</testng-results>
